<?xml version="1.0" encoding="UTF-8"?>
<!-- Generated by org.testng.reporters.JUnitReportReporter -->
<testsuite hostname="QSPWakad" failures="0" tests="1" name="com.TimesheetManagementToolProject.TestScript.CreateUserTest" time="2.619" errors="0" timestamp="19 Feb 2024 03:06:21 GMT" skipped="0">
  <testcase classname="com.TimesheetManagementToolProject.TestScript.CreateUserTest" name="createUser" time="2.619"/>
</testsuite> <!-- com.TimesheetManagementToolProject.TestScript.CreateUserTest -->
